c:\users\87784\source\repos\opengl\opengl\x64\debug\vc143.pdb
c:\users\87784\source\repos\opengl\opengl\x64\debug\vc143.idb
c:\users\87784\source\repos\opengl\opengl\x64\debug\shader.obj
c:\users\87784\source\repos\opengl\opengl\x64\debug\tool.obj
c:\users\87784\source\repos\opengl\opengl\x64\debug\texture.obj
c:\users\87784\source\repos\opengl\opengl\x64\debug\model.obj
c:\users\87784\source\repos\opengl\opengl\x64\debug\camera.obj
c:\users\87784\source\repos\opengl\opengl\x64\debug\mesh.obj
c:\users\87784\source\repos\opengl\opengl\x64\debug\skybox.obj
c:\users\87784\source\repos\opengl\opengl\x64\debug\gameobject.obj
c:\users\87784\source\repos\opengl\opengl\x64\debug\component.obj
c:\users\87784\source\repos\opengl\opengl\x64\debug\transform.obj
c:\users\87784\source\repos\opengl\opengl\x64\debug\main.obj
c:\users\87784\source\repos\opengl\x64\debug\opengl.exe
c:\users\87784\source\repos\opengl\x64\debug\opengl.pdb
c:\users\87784\source\repos\opengl\x64\debug\glfw3.dll
c:\users\87784\source\repos\opengl\x64\debug\assimp-vc143-mtd.dll
c:\users\87784\source\repos\opengl\x64\debug\poly2tri.dll
c:\users\87784\source\repos\opengl\x64\debug\minizip.dll
c:\users\87784\source\repos\opengl\x64\debug\zlibd1.dll
c:\users\87784\source\repos\opengl\x64\debug\pugixml.dll
c:\users\87784\source\repos\opengl\x64\debug\rttr_core_d.dll
c:\users\87784\source\repos\opengl\opengl\x64\debug\opengl.ilk
c:\users\87784\source\repos\opengl\opengl\x64\debug\opengl.obj
c:\users\87784\source\repos\opengl\opengl\x64\debug\opengl.tlog\cl.command.1.tlog
c:\users\87784\source\repos\opengl\opengl\x64\debug\opengl.tlog\cl.items.tlog
c:\users\87784\source\repos\opengl\opengl\x64\debug\opengl.tlog\cl.read.1.tlog
c:\users\87784\source\repos\opengl\opengl\x64\debug\opengl.tlog\cl.write.1.tlog
c:\users\87784\source\repos\opengl\opengl\x64\debug\opengl.tlog\link.command.1.tlog
c:\users\87784\source\repos\opengl\opengl\x64\debug\opengl.tlog\link.read.1.tlog
c:\users\87784\source\repos\opengl\opengl\x64\debug\opengl.tlog\link.secondary.1.tlog
c:\users\87784\source\repos\opengl\opengl\x64\debug\opengl.tlog\link.write.1.tlog
c:\users\87784\source\repos\opengl\opengl\x64\debug\opengl.tlog\opengl.write.1u.tlog
